🎬 Starting 3D sequence generation...
Found 1 GLB models
📸 Generating sequence: ring-luxury-001-platinum
🎭 Starting Puppeteer for ring-luxury-001-platinum...
  📷 Frame 1/36 (0°)
    ✓ AVIF
    ✓ WEBP
    ✓ PNG
  📷 Frame 2/36 (10°)
    ✓ AVIF
    ✓ WEBP
    ✓ PNG
  📷 Frame 3/36 (20°)
    ✓ AVIF
    ✓ WEBP
    ✓ PNG
  📷 Frame 4/36 (30°)
    ✓ AVIF
    ✓ WEBP
    ✓ PNG
  📷 Frame 5/36 (40°)
    ✓ AVIF
    ✓ WEBP
    ✓ PNG
  📷 Frame 6/36 (50°)
    ✓ AVIF
    ✓ WEBP
    ✓ PNG
  📷 Frame 7/36 (60°)
    ✓ AVIF
    ✓ WEBP
    ✓ PNG
  📷 Frame 8/36 (70°)
    ✓ AVIF
    ✓ WEBP
    ✓ PNG
  📷 Frame 9/36 (80°)
    ✓ AVIF
    ✓ WEBP
    ✓ PNG
  📷 Frame 10/36 (90°)
    ✓ AVIF
    ✓ WEBP
    ✓ PNG
  📷 Frame 11/36 (100°)
    ✓ AVIF
    ✓ WEBP
    ✓ PNG
  📷 Frame 12/36 (110°)
    ✓ AVIF
    ✓ WEBP
    ✓ PNG
  📷 Frame 13/36 (120°)
    ✓ AVIF
    ✓ WEBP
    ✓ PNG
  📷 Frame 14/36 (130°)
    ✓ AVIF
    ✓ WEBP
    ✓ PNG
  📷 Frame 15/36 (140°)
    ✓ AVIF
    ✓ WEBP
    ✓ PNG
  📷 Frame 16/36 (150°)
    ✓ AVIF
    ✓ WEBP
    ✓ PNG
  📷 Frame 17/36 (160°)
    ✓ AVIF
    ✓ WEBP
    ✓ PNG
  📷 Frame 18/36 (170°)
    ✓ AVIF
    ✓ WEBP
    ✓ PNG
  📷 Frame 19/36 (180°)
    ✓ AVIF
    ✓ WEBP
    ✓ PNG
  📷 Frame 20/36 (190°)
    ✓ AVIF
    ✓ WEBP
    ✓ PNG
  📷 Frame 21/36 (200°)
    ✓ AVIF
    ✓ WEBP
    ✓ PNG
  📷 Frame 22/36 (210°)
    ✓ AVIF
    ✓ WEBP
    ✓ PNG
  📷 Frame 23/36 (220°)
    ✓ AVIF
    ✓ WEBP
    ✓ PNG
  📷 Frame 24/36 (230°)
    ✓ AVIF
    ✓ WEBP
    ✓ PNG
  📷 Frame 25/36 (240°)
    ✓ AVIF
    ✓ WEBP
    ✓ PNG
  📷 Frame 26/36 (250°)
    ✓ AVIF
    ✓ WEBP
    ✓ PNG
  📷 Frame 27/36 (260°)
    ✓ AVIF
    ✓ WEBP
    ✓ PNG
  📷 Frame 28/36 (270°)
    ✓ AVIF
    ✓ WEBP
    ✓ PNG
  📷 Frame 29/36 (280°)
    ✓ AVIF
    ✓ WEBP
    ✓ PNG
  📷 Frame 30/36 (290°)
    ✓ AVIF
    ✓ WEBP
    ✓ PNG
  📷 Frame 31/36 (300°)
    ✓ AVIF
    ✓ WEBP
    ✓ PNG
  📷 Frame 32/36 (310°)
    ✓ AVIF
    ✓ WEBP
    ✓ PNG
  📷 Frame 33/36 (320°)
    ✓ AVIF
    ✓ WEBP
    ✓ PNG
  📷 Frame 34/36 (330°)
    ✓ AVIF
    ✓ WEBP
    ✓ PNG
  📷 Frame 35/36 (340°)
    ✓ AVIF
    ✓ WEBP
    ✓ PNG
  📷 Frame 36/36 (350°)
    ✓ AVIF
    ✓ WEBP
    ✓ PNG
✅ Completed ring-luxury-001-platinum
📸 Generating sequence: ring-luxury-001-white-gold
🎭 Starting Puppeteer for ring-luxury-001-white-gold...
  📷 Frame 1/36 (0°)
    ✓ AVIF
    ✓ WEBP
    ✓ PNG
  📷 Frame 2/36 (10°)
    ✓ AVIF
    ✓ WEBP
    ✓ PNG
  📷 Frame 3/36 (20°)
    ✓ AVIF
    ✓ WEBP
    ✓ PNG
  📷 Frame 4/36 (30°)
    ✓ AVIF
    ✓ WEBP
    ✓ PNG
  📷 Frame 5/36 (40°)
    ✓ AVIF
    ✓ WEBP
    ✓ PNG
  📷 Frame 6/36 (50°)
    ✓ AVIF
    ✓ WEBP
    ✓ PNG
  📷 Frame 7/36 (60°)
    ✓ AVIF
    ✓ WEBP
    ✓ PNG
  📷 Frame 8/36 (70°)
    ✓ AVIF
    ✓ WEBP
    ✓ PNG
  📷 Frame 9/36 (80°)
    ✓ AVIF
    ✓ WEBP
    ✓ PNG
  📷 Frame 10/36 (90°)
    ✓ AVIF
    ✓ WEBP
    ✓ PNG
  📷 Frame 11/36 (100°)
    ✓ AVIF
    ✓ WEBP
    ✓ PNG
  📷 Frame 12/36 (110°)
    ✓ AVIF
    ✓ WEBP
    ✓ PNG
  📷 Frame 13/36 (120°)
    ✓ AVIF
    ✓ WEBP
    ✓ PNG
  📷 Frame 14/36 (130°)
    ✓ AVIF
    ✓ WEBP
    ✓ PNG
  📷 Frame 15/36 (140°)
    ✓ AVIF
    ✓ WEBP
    ✓ PNG
  📷 Frame 16/36 (150°)
    ✓ AVIF
    ✓ WEBP
    ✓ PNG
  📷 Frame 17/36 (160°)
    ✓ AVIF
    ✓ WEBP
    ✓ PNG
  📷 Frame 18/36 (170°)
    ✓ AVIF
    ✓ WEBP
    ✓ PNG
  📷 Frame 19/36 (180°)
    ✓ AVIF
    ✓ WEBP
    ✓ PNG
  📷 Frame 20/36 (190°)
    ✓ AVIF
    ✓ WEBP
    ✓ PNG
  📷 Frame 21/36 (200°)
    ✓ AVIF
    ✓ WEBP
    ✓ PNG
  📷 Frame 22/36 (210°)
    ✓ AVIF
    ✓ WEBP
    ✓ PNG
  📷 Frame 23/36 (220°)
    ✓ AVIF
    ✓ WEBP
    ✓ PNG
  📷 Frame 24/36 (230°)
    ✓ AVIF
    ✓ WEBP
    ✓ PNG
  📷 Frame 25/36 (240°)
    ✓ AVIF
    ✓ WEBP
    ✓ PNG
  📷 Frame 26/36 (250°)
    ✓ AVIF
    ✓ WEBP
    ✓ PNG
  📷 Frame 27/36 (260°)
    ✓ AVIF
    ✓ WEBP
    ✓ PNG
  📷 Frame 28/36 (270°)
    ✓ AVIF
    ✓ WEBP
    ✓ PNG
  📷 Frame 29/36 (280°)
    ✓ AVIF
    ✓ WEBP
    ✓ PNG
  📷 Frame 30/36 (290°)
    ✓ AVIF
    ✓ WEBP
    ✓ PNG
  📷 Frame 31/36 (300°)
    ✓ AVIF
    ✓ WEBP
    ✓ PNG
  📷 Frame 32/36 (310°)
    ✓ AVIF
    ✓ WEBP
    ✓ PNG
  📷 Frame 33/36 (320°)
    ✓ AVIF
    ✓ WEBP
    ✓ PNG
  📷 Frame 34/36 (330°)
    ✓ AVIF
    ✓ WEBP
    ✓ PNG
  📷 Frame 35/36 (340°)
    ✓ AVIF
    ✓ WEBP
    ✓ PNG
  📷 Frame 36/36 (350°)
    ✓ AVIF
    ✓ WEBP
    ✓ PNG
✅ Completed ring-luxury-001-white-gold
📸 Generating sequence: ring-luxury-001-yellow-gold
🎭 Starting Puppeteer for ring-luxury-001-yellow-gold...
  📷 Frame 1/36 (0°)
    ✓ AVIF
    ✓ WEBP
    ✓ PNG
  📷 Frame 2/36 (10°)
    ✓ AVIF
    ✓ WEBP
    ✓ PNG
  📷 Frame 3/36 (20°)
    ✓ AVIF
    ✓ WEBP
    ✓ PNG
  📷 Frame 4/36 (30°)
    ✓ AVIF
    ✓ WEBP
    ✓ PNG
  📷 Frame 5/36 (40°)
    ✓ AVIF
    ✓ WEBP
    ✓ PNG
  📷 Frame 6/36 (50°)
    ✓ AVIF
    ✓ WEBP
    ✓ PNG
  📷 Frame 7/36 (60°)
    ✓ AVIF
    ✓ WEBP
    ✓ PNG
  📷 Frame 8/36 (70°)
    ✓ AVIF
    ✓ WEBP
    ✓ PNG
  📷 Frame 9/36 (80°)
    ✓ AVIF
    ✓ WEBP
    ✓ PNG
  📷 Frame 10/36 (90°)
    ✓ AVIF
    ✓ WEBP
    ✓ PNG
  📷 Frame 11/36 (100°)
    ✓ AVIF
    ✓ WEBP
    ✓ PNG
  📷 Frame 12/36 (110°)
    ✓ AVIF
    ✓ WEBP
    ✓ PNG
  📷 Frame 13/36 (120°)
    ✓ AVIF
    ✓ WEBP
    ✓ PNG
  📷 Frame 14/36 (130°)
    ✓ AVIF
    ✓ WEBP
    ✓ PNG
  📷 Frame 15/36 (140°)
    ✓ AVIF
    ✓ WEBP
    ✓ PNG
  📷 Frame 16/36 (150°)
    ✓ AVIF
    ✓ WEBP
    ✓ PNG
  📷 Frame 17/36 (160°)
    ✓ AVIF
    ✓ WEBP
    ✓ PNG
  📷 Frame 18/36 (170°)
    ✓ AVIF
    ✓ WEBP
    ✓ PNG
  📷 Frame 19/36 (180°)
    ✓ AVIF
    ✓ WEBP
    ✓ PNG
  📷 Frame 20/36 (190°)
    ✓ AVIF
    ✓ WEBP
    ✓ PNG
  📷 Frame 21/36 (200°)
    ✓ AVIF
    ✓ WEBP
    ✓ PNG
  📷 Frame 22/36 (210°)
    ✓ AVIF
    ✓ WEBP
    ✓ PNG
  📷 Frame 23/36 (220°)
    ✓ AVIF
    ✓ WEBP
    ✓ PNG
  📷 Frame 24/36 (230°)
    ✓ AVIF
    ✓ WEBP
    ✓ PNG
  📷 Frame 25/36 (240°)
    ✓ AVIF
    ✓ WEBP
    ✓ PNG
  📷 Frame 26/36 (250°)
    ✓ AVIF
    ✓ WEBP
    ✓ PNG
  📷 Frame 27/36 (260°)
    ✓ AVIF
    ✓ WEBP
    ✓ PNG
  📷 Frame 28/36 (270°)
    ✓ AVIF
    ✓ WEBP
    ✓ PNG
  📷 Frame 29/36 (280°)
    ✓ AVIF
    ✓ WEBP
    ✓ PNG
  📷 Frame 30/36 (290°)
    ✓ AVIF
    ✓ WEBP
    ✓ PNG
  📷 Frame 31/36 (300°)
    ✓ AVIF
    ✓ WEBP
    ✓ PNG
  📷 Frame 32/36 (310°)
    ✓ AVIF
    ✓ WEBP
    ✓ PNG
  📷 Frame 33/36 (320°)
    ✓ AVIF
    ✓ WEBP
    ✓ PNG
  📷 Frame 34/36 (330°)
    ✓ AVIF
    ✓ WEBP
    ✓ PNG
  📷 Frame 35/36 (340°)
    ✓ AVIF
    ✓ WEBP
    ✓ PNG
  📷 Frame 36/36 (350°)
    ✓ AVIF
    ✓ WEBP
    ✓ PNG
✅ Completed ring-luxury-001-yellow-gold
📸 Generating sequence: ring-luxury-001-rose-gold
🎭 Starting Puppeteer for ring-luxury-001-rose-gold...
  📷 Frame 1/36 (0°)
    ✓ AVIF
    ✓ WEBP
    ✓ PNG
  📷 Frame 2/36 (10°)
    ✓ AVIF
    ✓ WEBP
    ✓ PNG
  📷 Frame 3/36 (20°)
    ✓ AVIF
    ✓ WEBP
    ✓ PNG
  📷 Frame 4/36 (30°)
    ✓ AVIF
    ✓ WEBP
    ✓ PNG
  📷 Frame 5/36 (40°)
    ✓ AVIF
    ✓ WEBP
    ✓ PNG
  📷 Frame 6/36 (50°)
    ✓ AVIF
    ✓ WEBP
    ✓ PNG
  📷 Frame 7/36 (60°)
    ✓ AVIF
    ✓ WEBP
    ✓ PNG
  📷 Frame 8/36 (70°)
    ✓ AVIF
    ✓ WEBP
    ✓ PNG
  📷 Frame 9/36 (80°)
    ✓ AVIF
    ✓ WEBP
    ✓ PNG
  📷 Frame 10/36 (90°)
    ✓ AVIF
    ✓ WEBP
    ✓ PNG
  📷 Frame 11/36 (100°)
    ✓ AVIF
    ✓ WEBP
    ✓ PNG
  📷 Frame 12/36 (110°)
    ✓ AVIF
    ✓ WEBP
    ✓ PNG
  📷 Frame 13/36 (120°)
    ✓ AVIF
    ✓ WEBP
    ✓ PNG
  📷 Frame 14/36 (130°)
    ✓ AVIF
    ✓ WEBP
    ✓ PNG
  📷 Frame 15/36 (140°)
    ✓ AVIF
    ✓ WEBP
    ✓ PNG
  📷 Frame 16/36 (150°)
    ✓ AVIF
    ✓ WEBP
    ✓ PNG
  📷 Frame 17/36 (160°)
    ✓ AVIF
    ✓ WEBP
    ✓ PNG
  📷 Frame 18/36 (170°)
    ✓ AVIF
    ✓ WEBP
    ✓ PNG
  📷 Frame 19/36 (180°)
    ✓ AVIF
    ✓ WEBP
    ✓ PNG
  📷 Frame 20/36 (190°)
    ✓ AVIF
    ✓ WEBP
    ✓ PNG
  📷 Frame 21/36 (200°)
    ✓ AVIF
    ✓ WEBP
    ✓ PNG
  📷 Frame 22/36 (210°)
    ✓ AVIF
    ✓ WEBP
    ✓ PNG
  📷 Frame 23/36 (220°)
    ✓ AVIF
    ✓ WEBP
    ✓ PNG
  📷 Frame 24/36 (230°)
    ✓ AVIF
    ✓ WEBP
    ✓ PNG
  📷 Frame 25/36 (240°)
    ✓ AVIF
    ✓ WEBP
    ✓ PNG
  📷 Frame 26/36 (250°)
    ✓ AVIF
    ✓ WEBP
    ✓ PNG
  📷 Frame 27/36 (260°)
    ✓ AVIF
    ✓ WEBP
    ✓ PNG
  📷 Frame 28/36 (270°)
    ✓ AVIF
    ✓ WEBP
    ✓ PNG
  📷 Frame 29/36 (280°)
    ✓ AVIF
    ✓ WEBP
    ✓ PNG
  📷 Frame 30/36 (290°)
    ✓ AVIF
    ✓ WEBP
    ✓ PNG
  📷 Frame 31/36 (300°)
    ✓ AVIF
    ✓ WEBP
    ✓ PNG
  📷 Frame 32/36 (310°)
    ✓ AVIF
    ✓ WEBP
    ✓ PNG
  📷 Frame 33/36 (320°)
    ✓ AVIF
    ✓ WEBP
    ✓ PNG
  📷 Frame 34/36 (330°)
    ✓ AVIF
    ✓ WEBP
    ✓ PNG
  📷 Frame 35/36 (340°)
    ✓ AVIF
    ✓ WEBP
    ✓ PNG
  📷 Frame 36/36 (350°)
    ✓ AVIF
    ✓ WEBP
    ✓ PNG
✅ Completed ring-luxury-001-rose-gold
✅ 3D sequence generation complete!
